  Main.cpp
C:\Program Files\Microsoft Visual Studio\2022\Community\VC\Tools\MSVC\14.44.35207\include\optional(11): warning STL4038: The contents of <optional> are available only with C++17 or later.
C:\Program Files\Microsoft Visual Studio\2022\Community\VC\Tools\MSVC\14.44.35207\include\variant(12): warning STL4038: The contents of <variant> are available only with C++17 or later.
C:\Users\egorc\Desktop\GiperbolaDesk\GiperbolaDesk\include\Protocol.hpp(19,22): error C2187: синтаксическая ошибка: непредвиденный здесь элемент "std"
  (компиляция исходного файла "Main.cpp")
  
C:\Users\egorc\Desktop\GiperbolaDesk\GiperbolaDesk\include\Protocol.hpp(19,34): error C2059: синтаксическая ошибка: <
  (компиляция исходного файла "Main.cpp")
  
C:\Users\egorc\Desktop\GiperbolaDesk\GiperbolaDesk\include\Protocol.hpp(20,10): error C2039: "monostate": не является членом "std".
  (компиляция исходного файла "Main.cpp")
      C:\Program Files\Microsoft Visual Studio\2022\Community\VC\Tools\MSVC\14.44.35207\include\mutex(29,1):
       см. объявление "std"
  
C:\Users\egorc\Desktop\GiperbolaDesk\GiperbolaDesk\include\Network.hpp(50,38): error C4430: отсутствует спецификатор типа - предполагается int. Примечание. C++ не поддерживает int по умолчанию
  (компиляция исходного файла "Main.cpp")
  
C:\Users\egorc\Desktop\GiperbolaDesk\GiperbolaDesk\include\Network.hpp(50,56): error C2143: синтаксическая ошибка: отсутствие "," перед "&"
  (компиляция исходного файла "Main.cpp")
  
C:\Users\egorc\Desktop\GiperbolaDesk\GiperbolaDesk\include\Network.hpp(61,39): error C4430: отсутствует спецификатор типа - предполагается int. Примечание. C++ не поддерживает int по умолчанию
  (компиляция исходного файла "Main.cpp")
  
C:\Users\egorc\Desktop\GiperbolaDesk\GiperbolaDesk\include\Network.hpp(61,57): error C2143: синтаксическая ошибка: отсутствие "," перед "&"
  (компиляция исходного файла "Main.cpp")
  
C:\Users\egorc\Desktop\GiperbolaDesk\GiperbolaDesk\include\Network.hpp(62,10): error C2039: "optional": не является членом "std".
  (компиляция исходного файла "Main.cpp")
      C:\Program Files\Microsoft Visual Studio\2022\Community\VC\Tools\MSVC\14.44.35207\include\locale(24,1):
       см. объявление "std"
  
C:\Users\egorc\Desktop\GiperbolaDesk\GiperbolaDesk\include\Network.hpp(62,18): error C2143: синтаксическая ошибка: отсутствие ";" перед "<"
  (компиляция исходного файла "Main.cpp")
  
C:\Users\egorc\Desktop\GiperbolaDesk\GiperbolaDesk\include\Network.hpp(62,10): error C4430: отсутствует спецификатор типа - предполагается int. Примечание. C++ не поддерживает int по умолчанию
  (компиляция исходного файла "Main.cpp")
  
C:\Users\egorc\Desktop\GiperbolaDesk\GiperbolaDesk\include\Network.hpp(62,52): error C2238: непредвиденные лексемы перед ";"
  (компиляция исходного файла "Main.cpp")
  
C:\Program Files\Microsoft Visual Studio\2022\Community\VC\Tools\MSVC\14.44.35207\include\filesystem(12): warning STL4038: The contents of <filesystem> are available only with C++17 or later.
  Desk.cpp
C:\Program Files\Microsoft Visual Studio\2022\Community\VC\Tools\MSVC\14.44.35207\include\optional(11): warning STL4038: The contents of <optional> are available only with C++17 or later.
C:\Program Files\Microsoft Visual Studio\2022\Community\VC\Tools\MSVC\14.44.35207\include\variant(12): warning STL4038: The contents of <variant> are available only with C++17 or later.
C:\Users\egorc\Desktop\GiperbolaDesk\GiperbolaDesk\include\Protocol.hpp(19,22): error C2187: синтаксическая ошибка: непредвиденный здесь элемент "std"
  (компиляция исходного файла "src/Desk.cpp")
  
C:\Users\egorc\Desktop\GiperbolaDesk\GiperbolaDesk\include\Protocol.hpp(19,34): error C2059: синтаксическая ошибка: <
  (компиляция исходного файла "src/Desk.cpp")
  
C:\Users\egorc\Desktop\GiperbolaDesk\GiperbolaDesk\include\Protocol.hpp(20,10): error C2039: "monostate": не является членом "std".
  (компиляция исходного файла "src/Desk.cpp")
      C:\Program Files\Microsoft Visual Studio\2022\Community\VC\Tools\MSVC\14.44.35207\include\mutex(29,1):
       см. объявление "std"
  
C:\Users\egorc\Desktop\GiperbolaDesk\GiperbolaDesk\include\Network.hpp(50,38): error C4430: отсутствует спецификатор типа - предполагается int. Примечание. C++ не поддерживает int по умолчанию
  (компиляция исходного файла "src/Desk.cpp")
  
C:\Users\egorc\Desktop\GiperbolaDesk\GiperbolaDesk\include\Network.hpp(50,56): error C2143: синтаксическая ошибка: отсутствие "," перед "&"
  (компиляция исходного файла "src/Desk.cpp")
  
C:\Users\egorc\Desktop\GiperbolaDesk\GiperbolaDesk\include\Network.hpp(61,39): error C4430: отсутствует спецификатор типа - предполагается int. Примечание. C++ не поддерживает int по умолчанию
  (компиляция исходного файла "src/Desk.cpp")
  
C:\Users\egorc\Desktop\GiperbolaDesk\GiperbolaDesk\include\Network.hpp(61,57): error C2143: синтаксическая ошибка: отсутствие "," перед "&"
  (компиляция исходного файла "src/Desk.cpp")
  
C:\Users\egorc\Desktop\GiperbolaDesk\GiperbolaDesk\include\Network.hpp(62,10): error C2039: "optional": не является членом "std".
  (компиляция исходного файла "src/Desk.cpp")
      C:\Program Files\Microsoft Visual Studio\2022\Community\VC\Tools\MSVC\14.44.35207\include\locale(24,1):
       см. объявление "std"
  
C:\Users\egorc\Desktop\GiperbolaDesk\GiperbolaDesk\include\Network.hpp(62,18): error C2143: синтаксическая ошибка: отсутствие ";" перед "<"
  (компиляция исходного файла "src/Desk.cpp")
  
C:\Users\egorc\Desktop\GiperbolaDesk\GiperbolaDesk\include\Network.hpp(62,10): error C4430: отсутствует спецификатор типа - предполагается int. Примечание. C++ не поддерживает int по умолчанию
  (компиляция исходного файла "src/Desk.cpp")
  
C:\Users\egorc\Desktop\GiperbolaDesk\GiperbolaDesk\include\Network.hpp(62,52): error C2238: непредвиденные лексемы перед ";"
  (компиляция исходного файла "src/Desk.cpp")
  
C:\Program Files\Microsoft Visual Studio\2022\Community\VC\Tools\MSVC\14.44.35207\include\filesystem(12): warning STL4038: The contents of <filesystem> are available only with C++17 or later.
C:\Users\egorc\Desktop\GiperbolaDesk\GiperbolaDesk\src\Desk.cpp(8,21): error C3083: filesystem: символ слева от "::" должен представлять тип
C:\Users\egorc\Desktop\GiperbolaDesk\GiperbolaDesk\src\Desk.cpp(8,33): error C2039: "current_path": не является членом "std".
      C:\Program Files\Microsoft Visual Studio\2022\Community\VC\Tools\MSVC\14.44.35207\include\locale(24,1):
       см. объявление "std"
  
C:\Users\egorc\Desktop\GiperbolaDesk\GiperbolaDesk\src\Desk.cpp(8,33): error C3861: current_path: идентификатор не найден
  Network.cpp
C:\Program Files\Microsoft Visual Studio\2022\Community\VC\Tools\MSVC\14.44.35207\include\optional(11): warning STL4038: The contents of <optional> are available only with C++17 or later.
C:\Program Files\Microsoft Visual Studio\2022\Community\VC\Tools\MSVC\14.44.35207\include\variant(12): warning STL4038: The contents of <variant> are available only with C++17 or later.
C:\Users\egorc\Desktop\GiperbolaDesk\GiperbolaDesk\include\Protocol.hpp(19,22): error C2187: синтаксическая ошибка: непредвиденный здесь элемент "std"
  (компиляция исходного файла "src/Network.cpp")
  
C:\Users\egorc\Desktop\GiperbolaDesk\GiperbolaDesk\include\Protocol.hpp(19,34): error C2059: синтаксическая ошибка: <
  (компиляция исходного файла "src/Network.cpp")
  
C:\Users\egorc\Desktop\GiperbolaDesk\GiperbolaDesk\include\Protocol.hpp(20,10): error C2039: "monostate": не является членом "std".
  (компиляция исходного файла "src/Network.cpp")
      C:\Program Files\Microsoft Visual Studio\2022\Community\VC\Tools\MSVC\14.44.35207\include\mutex(29,1):
       см. объявление "std"
  
C:\Users\egorc\Desktop\GiperbolaDesk\GiperbolaDesk\include\Network.hpp(50,38): error C4430: отсутствует спецификатор типа - предполагается int. Примечание. C++ не поддерживает int по умолчанию
  (компиляция исходного файла "src/Network.cpp")
  
C:\Users\egorc\Desktop\GiperbolaDesk\GiperbolaDesk\include\Network.hpp(50,56): error C2143: синтаксическая ошибка: отсутствие "," перед "&"
  (компиляция исходного файла "src/Network.cpp")
  
C:\Users\egorc\Desktop\GiperbolaDesk\GiperbolaDesk\include\Network.hpp(61,39): error C4430: отсутствует спецификатор типа - предполагается int. Примечание. C++ не поддерживает int по умолчанию
  (компиляция исходного файла "src/Network.cpp")
  
C:\Users\egorc\Desktop\GiperbolaDesk\GiperbolaDesk\include\Network.hpp(61,57): error C2143: синтаксическая ошибка: отсутствие "," перед "&"
  (компиляция исходного файла "src/Network.cpp")
  
C:\Users\egorc\Desktop\GiperbolaDesk\GiperbolaDesk\include\Network.hpp(62,10): error C2039: "optional": не является членом "std".
  (компиляция исходного файла "src/Network.cpp")
      C:\Program Files\Microsoft Visual Studio\2022\Community\VC\Tools\MSVC\14.44.35207\include\locale(24,1):
       см. объявление "std"
  
C:\Users\egorc\Desktop\GiperbolaDesk\GiperbolaDesk\include\Network.hpp(62,18): error C2143: синтаксическая ошибка: отсутствие ";" перед "<"
  (компиляция исходного файла "src/Network.cpp")
  
C:\Users\egorc\Desktop\GiperbolaDesk\GiperbolaDesk\include\Network.hpp(62,10): error C4430: отсутствует спецификатор типа - предполагается int. Примечание. C++ не поддерживает int по умолчанию
  (компиляция исходного файла "src/Network.cpp")
  
C:\Users\egorc\Desktop\GiperbolaDesk\GiperbolaDesk\include\Network.hpp(62,52): error C2238: непредвиденные лексемы перед ";"
  (компиляция исходного файла "src/Network.cpp")
  
C:\Users\egorc\Desktop\GiperbolaDesk\GiperbolaDesk\include\ScreenViewer.hpp(17,35): error C2039: "optional": не является членом "std".
  (компиляция исходного файла "src/Network.cpp")
      C:\Program Files\Microsoft Visual Studio\2022\Community\VC\Tools\MSVC\14.44.35207\include\locale(24,1):
       см. объявление "std"
  
C:\Users\egorc\Desktop\GiperbolaDesk\GiperbolaDesk\include\ScreenViewer.hpp(17,24): error C4430: отсутствует спецификатор типа - предполагается int. Примечание. C++ не поддерживает int по умолчанию
  (компиляция исходного файла "src/Network.cpp")
  
C:\Users\egorc\Desktop\GiperbolaDesk\GiperbolaDesk\include\ScreenViewer.hpp(17,43): error C2143: синтаксическая ошибка: отсутствие "," перед "<"
  (компиляция исходного файла "src/Network.cpp")
  
C:\Users\egorc\Desktop\GiperbolaDesk\GiperbolaDesk\src\Network.cpp(59,30): error C3861: get_frame: идентификатор не найден
C:\Users\egorc\Desktop\GiperbolaDesk\GiperbolaDesk\src\Network.cpp(120,43): error C4430: отсутствует спецификатор типа - предполагается int. Примечание. C++ не поддерживает int по умолчанию
C:\Users\egorc\Desktop\GiperbolaDesk\GiperbolaDesk\src\Network.cpp(120,61): error C2143: синтаксическая ошибка: отсутствие "," перед "&"
C:\Users\egorc\Desktop\GiperbolaDesk\GiperbolaDesk\src\Network.cpp(135,10): error C2039: "visit": не является членом "std".
      C:\Program Files\Microsoft Visual Studio\2022\Community\VC\Tools\MSVC\14.44.35207\include\locale(24,1):
       см. объявление "std"
  
C:\Users\egorc\Desktop\GiperbolaDesk\GiperbolaDesk\src\Network.cpp(137,9): warning C4984: "if constexpr" — расширение языка C++17
C:\Users\egorc\Desktop\GiperbolaDesk\GiperbolaDesk\src\Network.cpp(143,14): warning C4984: "if constexpr" — расширение языка C++17
C:\Users\egorc\Desktop\GiperbolaDesk\GiperbolaDesk\src\Network.cpp(151,14): warning C4984: "if constexpr" — расширение языка C++17
C:\Users\egorc\Desktop\GiperbolaDesk\GiperbolaDesk\src\Network.cpp(155,12): error C2065: evPayload: необъявленный идентификатор
C:\Users\egorc\Desktop\GiperbolaDesk\GiperbolaDesk\src\Network.cpp(135,10): error C3861: visit: идентификатор не найден
C:\Users\egorc\Desktop\GiperbolaDesk\GiperbolaDesk\src\Network.cpp(275,5): error C2065: EventPayload: необъявленный идентификатор
C:\Users\egorc\Desktop\GiperbolaDesk\GiperbolaDesk\src\Network.cpp(275,18): error C2146: синтаксическая ошибка: отсутствие ";" перед идентификатором "payload"
C:\Users\egorc\Desktop\GiperbolaDesk\GiperbolaDesk\src\Network.cpp(275,18): error C2065: payload: необъявленный идентификатор
C:\Users\egorc\Desktop\GiperbolaDesk\GiperbolaDesk\src\Network.cpp(282,9): error C2065: payload: необъявленный идентификатор
C:\Users\egorc\Desktop\GiperbolaDesk\GiperbolaDesk\src\Network.cpp(283,28): error C2065: payload: необъявленный идентификатор
C:\Users\egorc\Desktop\GiperbolaDesk\GiperbolaDesk\src\Network.cpp(291,9): error C2065: payload: необъявленный идентификатор
C:\Users\egorc\Desktop\GiperbolaDesk\GiperbolaDesk\src\Network.cpp(292,28): error C2065: payload: необъявленный идентификатор
C:\Users\egorc\Desktop\GiperbolaDesk\GiperbolaDesk\src\Network.cpp(300,9): error C2065: payload: необъявленный идентификатор
C:\Users\egorc\Desktop\GiperbolaDesk\GiperbolaDesk\src\Network.cpp(301,28): error C2065: payload: необъявленный идентификатор
C:\Users\egorc\Desktop\GiperbolaDesk\GiperbolaDesk\src\Network.cpp(310,9): error C2065: payload: необъявленный идентификатор
C:\Users\egorc\Desktop\GiperbolaDesk\GiperbolaDesk\src\Network.cpp(311,28): error C2065: payload: необъявленный идентификатор
C:\Users\egorc\Desktop\GiperbolaDesk\GiperbolaDesk\src\Network.cpp(318,9): error C2065: payload: необъявленный идентификатор
C:\Users\egorc\Desktop\GiperbolaDesk\GiperbolaDesk\src\Network.cpp(319,28): error C2065: payload: необъявленный идентификатор
C:\Users\egorc\Desktop\GiperbolaDesk\GiperbolaDesk\src\Network.cpp(328,44): error C4430: отсутствует спецификатор типа - предполагается int. Примечание. C++ не поддерживает int по умолчанию
C:\Users\egorc\Desktop\GiperbolaDesk\GiperbolaDesk\src\Network.cpp(328,62): error C2143: синтаксическая ошибка: отсутствие "," перед "&"
C:\Users\egorc\Desktop\GiperbolaDesk\GiperbolaDesk\src\Network.cpp(330,10): error C2039: "visit": не является членом "std".
      C:\Program Files\Microsoft Visual Studio\2022\Community\VC\Tools\MSVC\14.44.35207\include\locale(24,1):
       см. объявление "std"
  
C:\Users\egorc\Desktop\GiperbolaDesk\GiperbolaDesk\src\Network.cpp(332,9): warning C4984: "if constexpr" — расширение языка C++17
C:\Users\egorc\Desktop\GiperbolaDesk\GiperbolaDesk\src\Network.cpp(335,14): warning C4984: "if constexpr" — расширение языка C++17
C:\Users\egorc\Desktop\GiperbolaDesk\GiperbolaDesk\src\Network.cpp(347,14): warning C4984: "if constexpr" — расширение языка C++17
C:\Users\egorc\Desktop\GiperbolaDesk\GiperbolaDesk\src\Network.cpp(351,14): warning C4984: "if constexpr" — расширение языка C++17
C:\Users\egorc\Desktop\GiperbolaDesk\GiperbolaDesk\src\Network.cpp(363,14): warning C4984: "if constexpr" — расширение языка C++17
C:\Users\egorc\Desktop\GiperbolaDesk\GiperbolaDesk\src\Network.cpp(363,51): error C2039: "monostate": не является членом "std".
      C:\Program Files\Microsoft Visual Studio\2022\Community\VC\Tools\MSVC\14.44.35207\include\locale(24,1):
       см. объявление "std"
      C:\Users\egorc\Desktop\GiperbolaDesk\GiperbolaDesk\src\Network.cpp(330,32):
      Сообщение диагностики возникло в созданной компилятором функции "auto Network::commitEvent::<lambda_1>::operator ()(_T1 &&) const"
  
C:\Users\egorc\Desktop\GiperbolaDesk\GiperbolaDesk\src\Network.cpp(366,12): error C2065: payload: необъявленный идентификатор
C:\Users\egorc\Desktop\GiperbolaDesk\GiperbolaDesk\src\Network.cpp(330,10): error C3861: visit: идентификатор не найден
C:\Users\egorc\Desktop\GiperbolaDesk\GiperbolaDesk\src\Network.cpp(378,6): error C2039: "optional": не является членом "std".
      C:\Program Files\Microsoft Visual Studio\2022\Community\VC\Tools\MSVC\14.44.35207\include\locale(24,1):
       см. объявление "std"
  
C:\Users\egorc\Desktop\GiperbolaDesk\GiperbolaDesk\src\Network.cpp(378,14): error C2143: синтаксическая ошибка: отсутствие ";" перед "<"
C:\Users\egorc\Desktop\GiperbolaDesk\GiperbolaDesk\src\Network.cpp(378,6): error C4430: отсутствует спецификатор типа - предполагается int. Примечание. C++ не поддерживает int по умолчанию
C:\Users\egorc\Desktop\GiperbolaDesk\GiperbolaDesk\src\Network.cpp(378,14): error C2059: синтаксическая ошибка: <
C:\Users\egorc\Desktop\GiperbolaDesk\GiperbolaDesk\src\Network.cpp(378,46): error C2039: "get_frame": не является членом "Network".
      C:\Users\egorc\Desktop\GiperbolaDesk\GiperbolaDesk\include\Network.hpp(40,7):
       см. объявление "Network"
  
C:\Users\egorc\Desktop\GiperbolaDesk\GiperbolaDesk\src\Network.cpp(379,1): error C2143: синтаксическая ошибка: отсутствие ";" перед "{"
C:\Users\egorc\Desktop\GiperbolaDesk\GiperbolaDesk\src\Network.cpp(379,1): error C2447: {: отсутствует заголовок функции (возможно, используется формальный список старого типа)
  ScreenViewer.cpp
C:\Program Files\Microsoft Visual Studio\2022\Community\VC\Tools\MSVC\14.44.35207\include\optional(11): warning STL4038: The contents of <optional> are available only with C++17 or later.
C:\Program Files\Microsoft Visual Studio\2022\Community\VC\Tools\MSVC\14.44.35207\include\variant(12): warning STL4038: The contents of <variant> are available only with C++17 or later.
C:\Users\egorc\Desktop\GiperbolaDesk\GiperbolaDesk\include\Protocol.hpp(19,22): error C2187: синтаксическая ошибка: непредвиденный здесь элемент "std"
  (компиляция исходного файла "src/ScreenViewer.cpp")
  
C:\Users\egorc\Desktop\GiperbolaDesk\GiperbolaDesk\include\Protocol.hpp(19,34): error C2059: синтаксическая ошибка: <
  (компиляция исходного файла "src/ScreenViewer.cpp")
  
C:\Users\egorc\Desktop\GiperbolaDesk\GiperbolaDesk\include\Protocol.hpp(20,10): error C2039: "monostate": не является членом "std".
  (компиляция исходного файла "src/ScreenViewer.cpp")
      C:\Program Files\Microsoft Visual Studio\2022\Community\VC\Tools\MSVC\14.44.35207\include\queue(32,1):
       см. объявление "std"
  
C:\Users\egorc\Desktop\GiperbolaDesk\GiperbolaDesk\include\Network.hpp(50,38): error C4430: отсутствует спецификатор типа - предполагается int. Примечание. C++ не поддерживает int по умолчанию
  (компиляция исходного файла "src/ScreenViewer.cpp")
  
C:\Users\egorc\Desktop\GiperbolaDesk\GiperbolaDesk\include\Network.hpp(50,56): error C2143: синтаксическая ошибка: отсутствие "," перед "&"
  (компиляция исходного файла "src/ScreenViewer.cpp")
  
C:\Users\egorc\Desktop\GiperbolaDesk\GiperbolaDesk\include\Network.hpp(61,39): error C4430: отсутствует спецификатор типа - предполагается int. Примечание. C++ не поддерживает int по умолчанию
  (компиляция исходного файла "src/ScreenViewer.cpp")
  
C:\Users\egorc\Desktop\GiperbolaDesk\GiperbolaDesk\include\Network.hpp(61,57): error C2143: синтаксическая ошибка: отсутствие "," перед "&"
  (компиляция исходного файла "src/ScreenViewer.cpp")
  
C:\Users\egorc\Desktop\GiperbolaDesk\GiperbolaDesk\include\Network.hpp(62,10): error C2039: "optional": не является членом "std".
  (компиляция исходного файла "src/ScreenViewer.cpp")
      C:\Program Files\Microsoft Visual Studio\2022\Community\VC\Tools\MSVC\14.44.35207\include\fstream(20,1):
       см. объявление "std"
  
C:\Users\egorc\Desktop\GiperbolaDesk\GiperbolaDesk\include\Network.hpp(62,18): error C2143: синтаксическая ошибка: отсутствие ";" перед "<"
  (компиляция исходного файла "src/ScreenViewer.cpp")
  
C:\Users\egorc\Desktop\GiperbolaDesk\GiperbolaDesk\include\Network.hpp(62,10): error C4430: отсутствует спецификатор типа - предполагается int. Примечание. C++ не поддерживает int по умолчанию
  (компиляция исходного файла "src/ScreenViewer.cpp")
  
C:\Users\egorc\Desktop\GiperbolaDesk\GiperbolaDesk\include\Network.hpp(62,52): error C2238: непредвиденные лексемы перед ";"
  (компиляция исходного файла "src/ScreenViewer.cpp")
  
C:\Users\egorc\Desktop\GiperbolaDesk\GiperbolaDesk\include\ScreenViewer.hpp(17,35): error C2039: "optional": не является членом "std".
  (компиляция исходного файла "src/ScreenViewer.cpp")
      C:\Program Files\Microsoft Visual Studio\2022\Community\VC\Tools\MSVC\14.44.35207\include\fstream(20,1):
       см. объявление "std"
  
C:\Users\egorc\Desktop\GiperbolaDesk\GiperbolaDesk\include\ScreenViewer.hpp(17,24): error C4430: отсутствует спецификатор типа - предполагается int. Примечание. C++ не поддерживает int по умолчанию
  (компиляция исходного файла "src/ScreenViewer.cpp")
  
C:\Users\egorc\Desktop\GiperbolaDesk\GiperbolaDesk\include\ScreenViewer.hpp(17,43): error C2143: синтаксическая ошибка: отсутствие "," перед "<"
  (компиляция исходного файла "src/ScreenViewer.cpp")
  
C:\Users\egorc\Desktop\GiperbolaDesk\GiperbolaDesk\src\ScreenViewer.cpp(35,31): error C2664: "bool Network::send_event(EventType,const int)": невозможно преобразовать аргумент 2 из "MouseMoveData" в "const int"
      C:\Users\egorc\Desktop\GiperbolaDesk\GiperbolaDesk\src\ScreenViewer.cpp(35,77):
      Для выполнения данного преобразования нет доступного оператора преобразования, определенного пользователем, или вызов оператора невозможен
      C:\Users\egorc\Desktop\GiperbolaDesk\GiperbolaDesk\include\Network.hpp(50,10):
       см. объявление "Network::send_event"
      C:\Users\egorc\Desktop\GiperbolaDesk\GiperbolaDesk\src\ScreenViewer.cpp(35,31):
      при попытке сопоставить список аргументов "(EventType, MouseMoveData)"
  
C:\Users\egorc\Desktop\GiperbolaDesk\GiperbolaDesk\src\ScreenViewer.cpp(48,31): error C2664: "bool Network::send_event(EventType,const int)": невозможно преобразовать аргумент 2 из "MouseClickData" в "const int"
      C:\Users\egorc\Desktop\GiperbolaDesk\GiperbolaDesk\src\ScreenViewer.cpp(48,83):
      Для выполнения данного преобразования нет доступного оператора преобразования, определенного пользователем, или вызов оператора невозможен
      C:\Users\egorc\Desktop\GiperbolaDesk\GiperbolaDesk\include\Network.hpp(50,10):
       см. объявление "Network::send_event"
      C:\Users\egorc\Desktop\GiperbolaDesk\GiperbolaDesk\src\ScreenViewer.cpp(48,31):
      при попытке сопоставить список аргументов "(EventType, MouseClickData)"
  
C:\Users\egorc\Desktop\GiperbolaDesk\GiperbolaDesk\src\ScreenViewer.cpp(51,31): error C2664: "bool Network::send_event(EventType,const int)": невозможно преобразовать аргумент 2 из "MouseClickData" в "const int"
      C:\Users\egorc\Desktop\GiperbolaDesk\GiperbolaDesk\src\ScreenViewer.cpp(51,84):
      Для выполнения данного преобразования нет доступного оператора преобразования, определенного пользователем, или вызов оператора невозможен
      C:\Users\egorc\Desktop\GiperbolaDesk\GiperbolaDesk\include\Network.hpp(50,10):
       см. объявление "Network::send_event"
      C:\Users\egorc\Desktop\GiperbolaDesk\GiperbolaDesk\src\ScreenViewer.cpp(51,31):
      при попытке сопоставить список аргументов "(EventType, MouseClickData)"
  
C:\Users\egorc\Desktop\GiperbolaDesk\GiperbolaDesk\src\ScreenViewer.cpp(63,27): error C2664: "bool Network::send_event(EventType,const int)": невозможно преобразовать аргумент 2 из "MouseWheelData" в "const int"
      C:\Users\egorc\Desktop\GiperbolaDesk\GiperbolaDesk\src\ScreenViewer.cpp(63,75):
      Для выполнения данного преобразования нет доступного оператора преобразования, определенного пользователем, или вызов оператора невозможен
      C:\Users\egorc\Desktop\GiperbolaDesk\GiperbolaDesk\include\Network.hpp(50,10):
       см. объявление "Network::send_event"
      C:\Users\egorc\Desktop\GiperbolaDesk\GiperbolaDesk\src\ScreenViewer.cpp(63,27):
      при попытке сопоставить список аргументов "(EventType, MouseWheelData)"
  
C:\Users\egorc\Desktop\GiperbolaDesk\GiperbolaDesk\src\ScreenViewer.cpp(71,27): error C2664: "bool Network::send_event(EventType,const int)": невозможно преобразовать аргумент 2 из "KeyPressData" в "const int"
      C:\Users\egorc\Desktop\GiperbolaDesk\GiperbolaDesk\src\ScreenViewer.cpp(71,71):
      Для выполнения данного преобразования нет доступного оператора преобразования, определенного пользователем, или вызов оператора невозможен
      C:\Users\egorc\Desktop\GiperbolaDesk\GiperbolaDesk\include\Network.hpp(50,10):
       см. объявление "Network::send_event"
      C:\Users\egorc\Desktop\GiperbolaDesk\GiperbolaDesk\src\ScreenViewer.cpp(71,27):
      при попытке сопоставить список аргументов "(EventType, KeyPressData)"
  
C:\Users\egorc\Desktop\GiperbolaDesk\GiperbolaDesk\src\ScreenViewer.cpp(79,45): error C2039: "optional": не является членом "std".
      C:\Program Files\Microsoft Visual Studio\2022\Community\VC\Tools\MSVC\14.44.35207\include\fstream(20,1):
       см. объявление "std"
  
C:\Users\egorc\Desktop\GiperbolaDesk\GiperbolaDesk\src\ScreenViewer.cpp(79,34): error C4430: отсутствует спецификатор типа - предполагается int. Примечание. C++ не поддерживает int по умолчанию
C:\Users\egorc\Desktop\GiperbolaDesk\GiperbolaDesk\src\ScreenViewer.cpp(79,53): error C2143: синтаксическая ошибка: отсутствие "," перед "<"
C:\Users\egorc\Desktop\GiperbolaDesk\GiperbolaDesk\src\ScreenViewer.cpp(81,29): error C2065: frame: необъявленный идентификатор
C:\Users\egorc\Desktop\GiperbolaDesk\GiperbolaDesk\src\ScreenViewer.cpp(81,44): error C2065: frame: необъявленный идентификатор
C:\Users\egorc\Desktop\GiperbolaDesk\GiperbolaDesk\src\ScreenViewer.cpp(81,14): error C2660: sf::Texture::loadFromMemory: функция не принимает 1 аргументов
      D:\Cpp\vcpkg\installed\x64-windows\include\SFML\Graphics\Texture.hpp(160,10):
       см. объявление "sf::Texture::loadFromMemory"
      C:\Users\egorc\Desktop\GiperbolaDesk\GiperbolaDesk\src\ScreenViewer.cpp(81,14):
      при попытке сопоставить список аргументов "()"
  
  Widgets.cpp
